TN:
SF:src/components/pao-button/pao-button.ts
FN:11,(anonymous_1)
FN:29,(anonymous_2)
FN:43,(anonymous_3)
FNF:3
FNH:3
FNDA:57,(anonymous_1)
FNDA:10,(anonymous_2)
FNDA:11,(anonymous_3)
DA:1,6
DA:2,6
DA:3,6
DA:11,6
DA:12,6
DA:15,57
DA:18,57
DA:21,57
DA:24,57
DA:27,57
DA:30,10
DA:31,7
DA:32,7
DA:35,3
DA:40,3
DA:44,11
DA:53,11
LF:17
LH:17
BRDA:30,0,0,7
BRDA:30,0,1,3
BRDA:30,1,0,10
BRDA:30,1,1,6
BRDA:49,2,0,4
BRDA:49,2,1,7
BRDA:50,3,0,4
BRDA:50,3,1,7
BRDA:57,4,0,11
BRDA:57,4,1,7
BRDA:61,5,0,4
BRDA:61,5,1,7
BRF:12
BRH:12
end_of_record
