TN:
SF:src/components/pao-button/pao-button.ts
FN:11,(anonymous_1)
FN:29,(anonymous_2)
FN:43,(anonymous_3)
FNF:3
FNH:2
FNDA:5,(anonymous_1)
FNDA:3,(anonymous_2)
FNDA:0,(anonymous_3)
DA:1,1
DA:2,1
DA:3,1
DA:11,1
DA:12,1
DA:15,5
DA:18,5
DA:21,5
DA:24,5
DA:27,5
DA:30,3
DA:31,2
DA:32,2
DA:35,1
DA:40,1
DA:44,0
DA:53,0
LF:17
LH:15
BRDA:30,0,0,2
BRDA:30,0,1,1
BRDA:30,1,0,3
BRDA:30,1,1,2
BRDA:49,2,0,0
BRDA:49,2,1,0
BRDA:50,3,0,0
BRDA:50,3,1,0
BRDA:57,4,0,0
BRDA:57,4,1,0
BRDA:61,5,0,0
BRDA:61,5,1,0
BRF:12
BRH:4
end_of_record
